<?xml version="1.0" encoding="UTF-8"?>
<!-- Generated by org.testng.reporters.JUnitXMLReporter -->
<testsuite ignored="2" hostname="LAPTOP-LPR232VR" failures="0" tests="6" name="Test Runner-1=Chrome" time="92.113" errors="0" timestamp="2024-06-18T15:41:09 IST">
  <testcase classname="com.comcast.crm.orgtest.CreateOrganizationTest" name="CreateOrganizationTest" time="18.895"/>
  <testcase classname="com.comcast.crm.contacttest.CreateContactTest" name="CreateContactWithOrgIntegTest" time="39.604"/>
  <testcase classname="com.comcast.crm.orgtest.CreateOrganizationTest" name="CreateOrganizationWithIndustryTest" time="15.274"/>
  <testcase classname="com.comcast.crm.contacttest.CreateContactTest" name="createContactTest" time="15.151"/>
  <testcase classname="com.comcast.crm.orgtest.CreateOrganizationTest" name="CreateOrganizationWithPhoneNumberTest" time="16.989"/>
  <testcase classname="com.comcast.crm.contacttest.CreateContactTest" name="createContactWithSupportDateTest" time="12.414"/>
  <testcase classname="com.comcast.crm.baseTest.BaseClass" name="@AfterSuite configAS" time="0.0">
    <ignored/>
  </testcase> <!-- @AfterSuite configAS -->
  <testcase classname="com.comcast.crm.baseTest.BaseClass" name="@BeforeSuite configBS" time="0.0">
    <ignored/>
  </testcase> <!-- @BeforeSuite configBS -->
</testsuite> <!-- Test Runner-1=Chrome -->
