<?xml version="1.0" encoding="UTF-8"?>
<testng-results ignored="2" total="3" passed="1" failed="0" skipped="0">
  <reporter-output>
  </reporter-output>
  <suite started-at="2024-06-24T10:27:02 IST" name="Suite" finished-at="2024-06-24T10:27:23 IST" duration-ms="20584">
    <groups>
      <group name="regressionTest">
        <method signature="CreateOrganizationTest.CreateOrganizationTest()[pri:0, instance:com.comcast.crm.orgtest.CreateOrganizationTest@57a3af25]" name="CreateOrganizationTest" class="com.comcast.crm.orgtest.CreateOrganizationTest"/>
      </group> <!-- regressionTest -->
      <group name="smokeTest">
        <method signature="CreateOrganizationTest.CreateOrganizationTest()[pri:0, instance:com.comcast.crm.orgtest.CreateOrganizationTest@57a3af25]" name="CreateOrganizationTest" class="com.comcast.crm.orgtest.CreateOrganizationTest"/>
      </group> <!-- smokeTest -->
    </groups>
    <test started-at="2024-06-24T10:27:02 IST" name="Test-1" finished-at="2024-06-24T10:27:23 IST" duration-ms="20584">
      <class name="com.comcast.crm.orgtest.CreateOrganizationTest">
        <test-method is-config="true" signature="configBS()[pri:0, instance:com.comcast.crm.orgtest.CreateOrganizationTest@57a3af25]" started-at="2024-06-24T10:27:02 IST" name="configBS" finished-at="2024-06-24T10:27:02 IST" duration-ms="330" status="PASS">
          <reporter-output>
          </reporter-output>
        </test-method> <!-- configBS -->
        <test-method is-config="true" signature="configBC()[pri:0, instance:com.comcast.crm.orgtest.CreateOrganizationTest@57a3af25]" started-at="2024-06-24T10:27:02 IST" name="configBC" finished-at="2024-06-24T10:27:05 IST" duration-ms="3043" status="PASS">
          <reporter-output>
          </reporter-output>
        </test-method> <!-- configBC -->
        <test-method is-config="true" signature="congifBM()[pri:0, instance:com.comcast.crm.orgtest.CreateOrganizationTest@57a3af25]" started-at="2024-06-24T10:27:05 IST" name="congifBM" finished-at="2024-06-24T10:27:09 IST" duration-ms="4121" status="PASS">
          <reporter-output>
          </reporter-output>
        </test-method> <!-- congifBM -->
        <test-method signature="CreateOrganizationTest()[pri:0, instance:com.comcast.crm.orgtest.CreateOrganizationTest@57a3af25]" started-at="2024-06-24T10:27:09 IST" name="CreateOrganizationTest" finished-at="2024-06-24T10:27:19 IST" duration-ms="9666" status="PASS">
          <reporter-output>
          </reporter-output>
        </test-method> <!-- CreateOrganizationTest -->
        <test-method is-config="true" signature="configAM()[pri:0, instance:com.comcast.crm.orgtest.CreateOrganizationTest@57a3af25]" started-at="2024-06-24T10:27:19 IST" name="configAM" finished-at="2024-06-24T10:27:20 IST" duration-ms="1376" status="PASS">
          <reporter-output>
          </reporter-output>
        </test-method> <!-- configAM -->
        <test-method is-config="true" signature="configAC()[pri:0, instance:com.comcast.crm.orgtest.CreateOrganizationTest@57a3af25]" started-at="2024-06-24T10:27:20 IST" name="configAC" finished-at="2024-06-24T10:27:23 IST" duration-ms="2359" status="PASS">
          <reporter-output>
          </reporter-output>
        </test-method> <!-- configAC -->
        <test-method is-config="true" signature="configAS()[pri:0, instance:com.comcast.crm.orgtest.CreateOrganizationTest@57a3af25]" started-at="2024-06-24T10:27:23 IST" name="configAS" finished-at="2024-06-24T10:27:23 IST" duration-ms="0" status="PASS">
          <reporter-output>
          </reporter-output>
        </test-method> <!-- configAS -->
      </class> <!-- com.comcast.crm.orgtest.CreateOrganizationTest -->
    </test> <!-- Test-1 -->
  </suite> <!-- Suite -->
</testng-results>
